<?xml version="1.0" encoding="utf-8" standalone="no" ?>
<!--This file represents the results of running a test suite-->
<test-results date="2020-01-12" errors="0" failures="0" ignored="0" inconclusive="0" invalid="0" name="C:\QA\Simulation\Testing\NUnit2\bin\tests\nunit.framework.tests.dll" not-run="0" skipped="0" time="11:35:43" total="1212">
  <environment clr-version="2.0.50727.9148" cwd="C:\QA\qa_automation" machine-name="WINDOWS-QA-1" nunit-version="2.6.4.14350" os-version="Microsoft Windows NT 6.2.9200.0" platform="Win32NT" user="Administrator" user-domain="WINDOWS-QA-1"/>
  <culture-info current-culture="en-US" current-uiculture="en-US"/>
  <test-suite asserts="0" executed="True" name="C:\QA\Simulation\Testing\NUnit2\bin\tests\nunit.framework.tests.dll" result="Success" success="True" time="7.991" type="Assembly">
    <results>
      <test-suite asserts="0" executed="True" name="NUnit" result="Success" success="True" time="7.966" type="Namespace">
        <results>
          <test-suite asserts="0" executed="True" name="Framework" result="Success" success="True" time="7.966" type="Namespace">
            <results>
              <test-suite asserts="0" executed="True" name="Constraints" result="Success" success="True" time="0.987" type="Namespace">
                <results>
                  <test-suite asserts="0" executed="True" name="EmptyConstraintTest" result="Success" success="True" time="0.100" type="TestFixture">
                    <results>
                      <test-case asserts="1" executed="True" name="NUnit.Framework.Constraints.EmptyConstraintTest.ConstraintTestBaseNoData.ProvidesProperDescription" result="Success" success="True" time="0.042"/>
                      <test-case asserts="1" executed="True" name="NUnit.Framework.Constraints.EmptyConstraintTest.ConstraintTestBaseNoData.ProvidesProperStringRepresentation" result="Success" success="True" time="0.000"/>
                      <test-suite asserts="0" executed="True" name="FailsWithBadValues" result="Success" success="True" time="0.008" type="ParameterizedTest">
                        <results>
                          <test-case asserts="1" executed="True" name="NUnit.Framework.Constraints.EmptyConstraintTest.FailsWithBadValues(&quot;Hello&quot;)" result="Success" success="True" time="0.003"/>
                          <test-case asserts="1" executed="True" name="NUnit.Framework.Constraints.EmptyConstraintTest.FailsWithBadValues(System.Object[])" result="Success" success="True" time="0.002"/>
                        </results>
                      </test-suite>
                      <test-suite asserts="0" executed="True" name="InvalidDataThrowsArgumentException" result="Success" success="True" time="0.007" type="ParameterizedTest">
                        <results>
                          <test-case asserts="0" executed="True" name="NUnit.Framework.Constraints.EmptyConstraintTest.InvalidDataThrowsArgumentException(null)" result="Success" success="True" time="0.005"/>
                          <test-case asserts="0" executed="True" name="NUnit.Framework.Constraints.EmptyConstraintTest.InvalidDataThrowsArgumentException(5)" result="Success" success="True" time="0.001"/>
                        </results>
                      </test-suite>
                      <test-suite asserts="0" executed="True" name="ProvidesProperFailureMessage" result="Success" success="True" time="0.010" type="ParameterizedTest">
                        <results>
                          <test-case asserts="1" executed="True" name="NUnit.Framework.Constraints.EmptyConstraintTest.ProvidesProperFailureMessage(&quot;Hello&quot;,&quot;\&quot;Hello\&quot;&quot;)" result="Success" success="True" time="0.006"/>
                          <test-case asserts="1" executed="True" name="NUnit.Framework.Constraints.EmptyConstraintTest.ProvidesProperFailureMessage(System.Object[],&quot;&lt; 1, 2, 3 >&quot;)" result="Success" success="True" time="0.003"/>
                        </results>
                      </test-suite>
                      <test-suite asserts="0" executed="True" name="SucceedsWithGoodValues" result="Success" success="True" time="0.004" type="ParameterizedTest">
                        <results>
                          <test-case asserts="1" executed="True" name="NUnit.Framework.Constraints.EmptyConstraintTest.SucceedsWithGoodValues(&quot;&quot;)" result="Success" success="True" time="0.001"/>
                          <test-case asserts="1" executed="True" name="NUnit.Framework.Constraints.EmptyConstraintTest.SucceedsWithGoodValues(System.Object[])" result="Success" success="True" time="0.000"/>
                          <test-case asserts="1" executed="True" name="NUnit.Framework.Constraints.EmptyConstraintTest.SucceedsWithGoodValues(System.Collections.ArrayList)" result="Success" success="True" time="0.000"/>
                          <test-case asserts="1" executed="True" name="NUnit.Framework.Constraints.EmptyConstraintTest.SucceedsWithGoodValues(System.Collections.Generic.List`1[System.Int32])" result="Success" success="True" time="0.000"/>
                        </results>
                      </test-suite>
                    </results>
                  </test-suite>
                  <test-suite asserts="0" executed="True" name="EqualConstraintTests" result="Success" success="True" time="0.168" type="TestFixture">
                    <results>
                      <test-case asserts="1" executed="True" name="NUnit.Framework.Constraints.EqualConstraintTests.CanMatchDates" result="Success" success="True" time="0.006"/>
                      <test-case asserts="1" executed="True" name="NUnit.Framework.Constraints.EqualConstraintTests.CanMatchDatesWithinDays" result="Success" success="True" time="0.003"/>
                      <test-case asserts="1" executed="True" name="NUnit.Framework.Constraints.EqualConstraintTests.CanMatchDatesWithinHours" result="Success" success="True" time="0.001"/>
                      <test-case asserts="1" executed="True" name="NUnit.Framework.Constraints.EqualConstraintTests.CanMatchDatesWithinMilliseconds" result="Success" success="True" time="0.001"/>
                      <test-case asserts="1" executed="True" name="NUnit.Framework.Constraints.EqualConstraintTests.CanMatchDatesWithinMinutes" result="Success" success="True" time="0.001"/>
                      <test-case asserts="1" executed="True" name="NUnit.Framework.Constraints.EqualConstraintTests.CanMatchDatesWithinSeconds" result="Success" success="True" time="0.001"/>
                      <test-case asserts="1" executed="True" name="NUnit.Framework.Constraints.EqualConstraintTests.CanMatchDatesWithinTicks" result="Success" success="True" time="0.001"/>
                      <test-case asserts="1" executed="True" name="NUnit.Framework.Constraints.EqualConstraintTests.CanMatchDatesWithinTimeSpan" result="Success" success="True" time="0.001"/>
                      <test-case asserts="1" executed="True" name="NUnit.Framework.Constraints.EqualConstraintTests.CanMatchDictionaries_DifferentOrder" result="Success" success="True" time="0.011"/>
                      <test-case asserts="1" executed="True" name="NUnit.Framework.Constraints.EqualConstraintTests.CanMatchDictionaries_Failure" result="Success" success="True" time="0.010"/>
                      <test-case asserts="1" executed="True" name="NUnit.Framework.Constraints.EqualConstraintTests.CanMatchDictionaries_SameOrder" result="Success" success="True" time="0.001"/>
                      <test-suite asserts="0" executed="True" name="CanMatchDoublesWithRelativeTolerance" result="Success" success="True" time="0.006" type="ParameterizedTest">
                        <results>
                          <test-case asserts="1" executed="True" name="NUnit.Framework.Constraints.EqualConstraintTests.CanMatchDoublesWithRelativeTolerance(9500.0d)" result="Success" success="True" time="0.004"/>
                          <test-case asserts="1" executed="True" name="NUnit.Framework.Constraints.EqualConstraintTests.CanMatchDoublesWithRelativeTolerance(10000.0d)" result="Success" success="True" time="0.000"/>
                          <test-case asserts="1" executed="True" name="NUnit.Framework.Constraints.EqualConstraintTests.CanMatchDoublesWithRelativeTolerance(10500.0d)" result="Success" success="True" time="0.000"/>
                        </results>
                      </test-suite>
                      <test-suite asserts="0" executed="True" name="CanMatchDoublesWithUlpTolerance" result="Success" success="True" time="0.003" type="ParameterizedTest">
                        <results>
                          <test-case asserts="1" executed="True" name="NUnit.Framework.Constraints.EqualConstraintTests.CanMatchDoublesWithUlpTolerance(2E+16.0d)" result="Success" success="True" time="0.002"/>
                          <test-case asserts="1" executed="True" name="NUnit.Framework.Constraints.EqualConstraintTests.CanMatchDoublesWithUlpTolerance(2E+16.0d)" result="Success" success="True" time="0.000"/>
                        </results>
                      </test-suite>
                      <test-case asserts="1" executed="True" name="NUnit.Framework.Constraints.EqualConstraintTests.CanMatchHashtables_DifferentOrder" result="Success" success="True" time="0.001"/>
                      <test-case asserts="1" executed="True" name="NUnit.Framework.Constraints.EqualConstraintTests.CanMatchHashtables_Failure" result="Success" success="True" time="0.001"/>
                      <test-case asserts="1" executed="True" name="NUnit.Framework.Constraints.EqualConstraintTests.CanMatchHashtables_SameOrder" result="Success" success="True" time="0.001"/>
                      <test-case asserts="1" executed="True" name="NUnit.Framework.Constraints.EqualConstraintTests.CanMatchHashtableWithDictionary" result="Success" success="True" time="0.001"/>
                      <test-suite asserts="0" executed="True" name="CanMatchSinglesWithRelativeTolerance" result="Success" success="True" time="0.006" type="ParameterizedTest">
                        <results>
                          <test-case asserts="1" executed="True" name="NUnit.Framework.Constraints.EqualConstraintTests.CanMatchSinglesWithRelativeTolerance(9500.0f)" result="Success" success="True" time="0.003"/>
                          <test-case asserts="1" executed="True" name="NUnit.Framework.Constraints.EqualConstraintTests.CanMatchSinglesWithRelativeTolerance(10000.0f)" result="Success" success="True" time="0.000"/>
                          <test-case asserts="1" executed="True" name="NUnit.Framework.Constraints.EqualConstraintTests.CanMatchSinglesWithRelativeTolerance(10500.0f)" result="Success" success="True" time="0.000"/>
                        </results>
                      </test-suite>
                      <test-suite asserts="0" executed="True" name="CanMatchSinglesWithUlpTolerance" result="Success" success="True" time="0.003" type="ParameterizedTest">
                        <results>
                          <test-case asserts="1" executed="True" name="NUnit.Framework.Constraints.EqualConstraintTests.CanMatchSinglesWithUlpTolerance(2E+07.0f)" result="Success" success="True" time="0.001"/>
                          <test-case asserts="1" executed="True" name="NUnit.Framework.Constraints.EqualConstraintTests.CanMatchSinglesWithUlpTolerance(2E+07.0f)" result="Success" success="True" time="0.000"/>
                        </results>
                      </test-suite>
                      <test-suite asserts="0" executed="True" name="CanMatchSpecialFloatingPointValues" result="Success" success="True" time="0.005" type="ParameterizedTest">
                        <results>
                          <test-case asserts="1" executed="True" name="NUnit.Framework.Constraints.EqualConstraintTests.CanMatchSpecialFloatingPointValues(double.NaN)" result="Success" success="True" time="0.000"/>
                          <test-case asserts="1" executed="True" name="NUnit.Framework.Constraints.EqualConstraintTests.CanMatchSpecialFloatingPointValues(float.PositiveInfinity)" result="Success" success="True" time="0.000"/>
                          <test-case asserts="1" executed="True" name="NUnit.Framework.Constraints.EqualConstraintTests.CanMatchSpecialFloatingPointValues(double.PositiveInfinity)" result="Success" success="True" time="0.000"/>
                          <test-case asserts="1" executed="True" name="NUnit.Framework.Constraints.EqualConstraintTests.CanMatchSpecialFloatingPointValues(float.NegativeInfinity)" result="Success" success="True" time="0.000"/>
                          <test-case asserts="1" executed="True" name="NUnit.Framework.Constraints.EqualConstraintTests.CanMatchSpecialFloatingPointValues(double.NegativeInfinity)" result="Success" success="True" time="0.000"/>
                          <test-case asserts="1" executed="True" name="NUnit.Framework.Constraints.EqualConstraintTests.CanMatchSpecialFloatingPointValues(float.NaN)" result="Success" success="True" time="0.000"/>
                        </results>
                      </test-suite>
                      <test-case asserts="1" executed="True" name="NUnit.Framework.Constraints.EqualConstraintTests.CanMatchTimeSpanWithinMinutes" result="Success" success="True" time="0.001"/>
                      <test-case asserts="1" executed="True" name="NUnit.Framework.Constraints.EqualConstraintTests.CanMatchUsingIsEqualToWithinTimeSpan" result="Success" success="True" time="0.001"/>
                      <test-case asserts="1" executed="True" name="NUnit.Framework.Constraints.EqualConstraintTests.ConstraintTestBaseNoData.ProvidesProperDescription" result="Success" success="True" time="0.002"/>
                      <test-case asserts="1" executed="True" name="NUnit.Framework.Constraints.EqualConstraintTests.ConstraintTestBaseNoData.ProvidesProperStringRepresentation" result="Success" success="True" time="0.000"/>
                      <test-case asserts="0" executed="True" name="NUnit.Framework.Constraints.EqualConstraintTests.ErrorIfDaysPrecedesWithin" result="Success" success="True" time="0.001"/>
                      <test-case asserts="0" executed="True" name="NUnit.Framework.Constraints.EqualConstraintTests.ErrorIfHoursPrecedesWithin" result="Success" success="True" time="0.001"/>
                      <test-case asserts="0" executed="True" name="NUnit.Framework.Constraints.EqualConstraintTests.ErrorIfMillisecondsPrecedesWithin" result="Success" success="True" time="0.001"/>
                      <test-case asserts="0" executed="True" name="NUnit.Framework.Constraints.EqualConstraintTests.ErrorIfMinutesPrecedesWithin" result="Success" success="True" time="0.001"/>
                      <test-case asserts="0" executed="True" name="NUnit.Framework.Constraints.EqualConstraintTests.ErrorIfPercentPrecedesWithin" result="Success" success="True" time="0.001"/>
                      <test-case asserts="0" executed="True" name="NUnit.Framework.Constraints.EqualConstraintTests.ErrorIfSecondsPrecedesWithin" result="Success" success="True" time="0.001"/>
                      <test-case asserts="0" executed="True" name="NUnit.Framework.Constraints.EqualConstraintTests.ErrorIfTicksPrecedesWithin" result="Success" success="True" time="0.001"/>
                      <test-case asserts="1" executed="True" name="NUnit.Framework.Constraints.EqualConstraintTests.ErrorIfUlpsIsUsedOnDecimal" result="Success" success="True" time="0.001"/>
                      <test-suite asserts="0" executed="True" name="ErrorIfUlpsIsUsedOnIntegralType" result="Success" success="True" time="0.004" type="ParameterizedTest">
                        <results>
                          <test-case asserts="1" executed="True" name="NUnit.Framework.Constraints.EqualConstraintTests.ErrorIfUlpsIsUsedOnIntegralType(1000UL,1010UL)" result="Success" success="True" time="0.001"/>
                          <test-case asserts="1" executed="True" name="NUnit.Framework.Constraints.EqualConstraintTests.ErrorIfUlpsIsUsedOnIntegralType(1000L,1010L)" result="Success" success="True" time="0.000"/>
                          <test-case asserts="1" executed="True" name="NUnit.Framework.Constraints.EqualConstraintTests.ErrorIfUlpsIsUsedOnIntegralType(1000,1010)" result="Success" success="True" time="0.000"/>
                          <test-case asserts="1" executed="True" name="NUnit.Framework.Constraints.EqualConstraintTests.ErrorIfUlpsIsUsedOnIntegralType(1000,1010)" result="Success" success="True" time="0.000"/>
                        </results>
                      </test-suite>
                      <test-case asserts="0" executed="True" name="NUnit.Framework.Constraints.EqualConstraintTests.ErrorIfUlpsPrecedesWithin" result="Success" success="True" time="0.001"/>
                      <test-case asserts="0" executed="True" name="NUnit.Framework.Constraints.EqualConstraintTests.ErrorWithPercentAndUlpsToleranceModes" result="Success" success="True" time="0.001"/>
                      <test-case asserts="0" executed="True" name="NUnit.Framework.Constraints.EqualConstraintTests.ErrorWithUlpsAndPercentToleranceModes" result="Success" success="True" time="0.001"/>
                      <test-suite asserts="0" executed="True" name="FailsOnDoublesOutsideOfRelativeTolerance" result="Success" success="True" time="0.005" type="ParameterizedTest">
                        <results>
                          <test-case asserts="1" executed="True" name="NUnit.Framework.Constraints.EqualConstraintTests.FailsOnDoublesOutsideOfRelativeTolerance(11500.0d)" result="Success" success="True" time="0.004"/>
                          <test-case asserts="1" executed="True" name="NUnit.Framework.Constraints.EqualConstraintTests.FailsOnDoublesOutsideOfRelativeTolerance(8500.0d)" result="Success" success="True" time="0.000"/>
                        </results>
                      </test-suite>
                      <test-suite asserts="0" executed="True" name="FailsOnDoublesOutsideOfUlpTolerance" result="Success" success="True" time="0.002" type="ParameterizedTest">
                        <results>
                          <test-case asserts="1" executed="True" name="NUnit.Framework.Constraints.EqualConstraintTests.FailsOnDoublesOutsideOfUlpTolerance(2E+16.0d)" result="Success" success="True" time="0.001"/>
                          <test-case asserts="1" executed="True" name="NUnit.Framework.Constraints.EqualConstraintTests.FailsOnDoublesOutsideOfUlpTolerance(2E+16.0d)" result="Success" success="True" time="0.000"/>
                        </results>
                      </test-suite>
                      <test-suite asserts="0" executed="True" name="FailsOnSinglesOutsideOfRelativeTolerance" result="Success" success="True" time="0.003" type="ParameterizedTest">
                        <results>
                          <test-case asserts="1" executed="True" name="NUnit.Framework.Constraints.EqualConstraintTests.FailsOnSinglesOutsideOfRelativeTolerance(8500.0f)" result="Success" success="True" time="0.002"/>
                          <test-case asserts="1" executed="True" name="NUnit.Framework.Constraints.EqualConstraintTests.FailsOnSinglesOutsideOfRelativeTolerance(11500.0f)" result="Success" success="True" time="0.000"/>
                        </results>
                      </test-suite>
                      <test-suite asserts="0" executed="True" name="FailsOnSinglesOutsideOfUlpTolerance" result="Success" success="True" time="0.002" type="ParameterizedTest">
                        <results>
                          <test-case asserts="1" executed="True" name="NUnit.Framework.Constraints.EqualConstraintTests.FailsOnSinglesOutsideOfUlpTolerance(2E+07.0f)" result="Success" success="True" time="0.001"/>
                          <test-case asserts="1" executed="True" name="NUnit.Framework.Constraints.EqualConstraintTests.FailsOnSinglesOutsideOfUlpTolerance(2E+07.0f)" result="Success" success="True" time="0.000"/>
                        </results>
                      </test-suite>
                      <test-suite asserts="0" executed="True" name="FailsWithBadValues" result="Success" success="True" time="0.003" type="ParameterizedTest">
                        <results>
                          <test-case asserts="1" executed="True" name="NUnit.Framework.Constraints.EqualConstraintTests.FailsWithBadValues(5)" result="Success" success="True" time="0.000"/>
                          <test-case asserts="1" executed="True" name="NUnit.Framework.Constraints.EqualConstraintTests.FailsWithBadValues(null)" result="Success" success="True" time="0.000"/>
                          <test-case asserts="1" executed="True" name="NUnit.Framework.Constraints.EqualConstraintTests.FailsWithBadValues(&quot;Hello&quot;)" result="Success" success="True" time="0.000"/>
                          <test-case asserts="1" executed="True" name="NUnit.Framework.Constraints.EqualConstraintTests.FailsWithBadValues(double.NaN)" result="Success" success="True" time="0.000"/>
                          <test-case asserts="1" executed="True" name="NUnit.Framework.Constraints.EqualConstraintTests.FailsWithBadValues(double.PositiveInfinity)" result="Success" success="True" time="0.000"/>
                        </results>
                      </test-suite>
                      <test-suite asserts="0" executed="True" name="ProvidesProperFailureMessage" result="Success" success="True" time="0.003" type="ParameterizedTest">
                        <results>
                          <test-case asserts="1" executed="True" name="NUnit.Framework.Constraints.EqualConstraintTests.ProvidesProperFailureMessage(5,&quot;5&quot;)" result="Success" success="True" time="0.000"/>
                          <test-case asserts="1" executed="True" name="NUnit.Framework.Constraints.EqualConstraintTests.ProvidesProperFailureMessage(null,&quot;null&quot;)" result="Success" success="True" time="0.000"/>
                          <test-case asserts="1" executed="True" name="NUnit.Framework.Constraints.EqualConstraintTests.ProvidesProperFailureMessage(&quot;Hello&quot;,&quot;\&quot;Hello\&quot;&quot;)" result="Success" success="True" time="0.000"/>
                          <test-case asserts="1" executed="True" name="NUnit.Framework.Constraints.EqualConstraintTests.ProvidesProperFailureMessage(double.NaN,&quot;NaN&quot;)" result="Success" success="True" time="0.000"/>
                          <test-case asserts="1" executed="True" name="NUnit.Framework.Constraints.EqualConstraintTests.ProvidesProperFailureMessage(double.PositiveInfinity,&quot;Infinity&quot;)" result="Success" success="True" time="0.000"/>
                        </results>
                      </test-suite>
                      <test-suite asserts="0" executed="True" name="SucceedsWithGoodValues" result="Success" success="True" time="0.006" type="ParameterizedTest">
                        <results>
                          <test-case asserts="1" executed="True" name="NUnit.Framework.Constraints.EqualConstraintTests.SucceedsWithGoodValues(4)" result="Success" success="True" time="0.000"/>
                          <test-case asserts="1" executed="True" name="NUnit.Framework.Constraints.EqualConstraintTests.SucceedsWithGoodValues(4.0f)" result="Success" success="True" time="0.000"/>
                          <test-case asserts="1" executed="True" name="NUnit.Framework.Constraints.EqualConstraintTests.SucceedsWithGoodValues(4.0d)" result="Success" success="True" time="0.000"/>
                          <test-case asserts="1" executed="True" name="NUnit.Framework.Constraints.EqualConstraintTests.SucceedsWithGoodValues(4.0000m)" result="Success" success="True" time="0.004"/>
                        </results>
                      </test-suite>
                      <test-case asserts="1" executed="True" name="NUnit.Framework.Constraints.EqualConstraintTests.UsesProvidedArrayComparer" result="Success" success="True" time="0.007"/>
                      <test-case asserts="2" executed="True" name="NUnit.Framework.Constraints.EqualConstraintTests.UsesProvidedComparerOfT" result="Success" success="True" time="0.004"/>
                      <test-case asserts="2" executed="True" name="NUnit.Framework.Constraints.EqualConstraintTests.UsesProvidedComparisonOfT" result="Success" success="True" time="0.003"/>
                      <test-case asserts="2" executed="True" name="NUnit.Framework.Constraints.EqualConstraintTests.UsesProvidedEqualityComparer" result="Success" success="True" time="0.002"/>
                      <test-case asserts="2" executed="True" name="NUnit.Framework.Constraints.EqualConstraintTests.UsesProvidedEqualityComparerOfT" result="Success" success="True" time="0.002"/>
                      <test-case asserts="2" executed="True" name="NUnit.Framework.Constraints.EqualConstraintTests.UsesProvidedIComparer" result="Success" success="True" time="0.002"/>
                      <test-case asserts="1" executed="True" name="NUnit.Framework.Constraints.EqualConstraintTests.UsesProvidedLambda_IntArgs" result="Success" success="True" time="0.001"/>
                      <test-case asserts="1" executed="True" name="NUnit.Framework.Constraints.EqualConstraintTests.UsesProvidedLambda_StringArgs" result="Success" success="True" time="0.003"/>
                      <test-case asserts="1" executed="True" name="NUnit.Framework.Constraints.EqualConstraintTests.UsesProvidedListComparer" result="Success" success="True" time="0.002"/>
                    </results>
                  </test-suite>
                  <test-suite asserts="0" executed="True" name="EqualConstraintTests+DateTimeOffSetEquality" result="Success" success="True" time="0.011" type="TestFixture">
                    <results>
                      <test-case asserts="1" executed="True" name="NUnit.Framework.Constraints.EqualConstraintTests+DateTimeOffSetEquality.CanMatchDates" result="Success" success="True" time="0.001"/>
                      <test-case asserts="1" executed="True" name="NUnit.Framework.Constraints.EqualConstraintTests+DateTimeOffSetEquality.CanMatchDatesWithinDays" result="Success" success="True" time="0.001"/>
                      <test-case asserts="1" executed="True" name="NUnit.Framework.Constraints.EqualConstraintTests+DateTimeOffSetEquality.CanMatchDatesWithinMilliseconds" result="Success" success="True" time="0.001"/>
                      <test-case asserts="1" executed="True" name="NUnit.Framework.Constraints.EqualConstraintTests+DateTimeOffSetEquality.CanMatchDatesWithinMinutes" result="Success" success="True" time="0.001"/>
                      <test-case asserts="1" executed="True" name="NUnit.Framework.Constraints.EqualConstraintTests+DateTimeOffSetEquality.CanMatchDatesWithinSeconds" result="Success" success="True" time="0.001"/>
                      <test-case asserts="1" executed="True" name="NUnit.Framework.Constraints.EqualConstraintTests+DateTimeOffSetEquality.CanMatchDatesWithinTicks" result="Success" success="True" time="0.001"/>
                      <test-case asserts="1" executed="True" name="NUnit.Framework.Constraints.EqualConstraintTests+DateTimeOffSetEquality.CanMatchDatesWithinTimeSpan" result="Success" success="True" time="0.001"/>
                      <test-case asserts="1" executed="True" name="NUnit.Framework.Constraints.EqualConstraintTests+DateTimeOffSetEquality.CanMatchUsingIsEqualToWithinTimeSpan" result="Success" success="True" time="0.001"/>
                      <test-case asserts="1" executed="True" name="NUnit.Framework.Constraints.EqualConstraintTests+DateTimeOffSetEquality.DTimeOffsetCanMatchDatesWithinHours" result="Success" success="True" time="0.001"/>
                    </results>
                  </test-suite>
                  <test-suite asserts="0" executed="True" name="EqualityComparerTests" result="Success" success="True" time="0.065" type="TestFixture">
                    <results>
                      <test-case asserts="1" executed="True" name="NUnit.Framework.Constraints.EqualityComparerTests.CanCompareArrayContainingSelfToSelf" result="Success" success="True" time="0.001"/>
                      <test-case asserts="1" executed="True" name="NUnit.Framework.Constraints.EqualityComparerTests.CrossReferencingRecursiveEnumerablesAreNotEqual" result="Success" success="True" time="0.047"/>
                      <test-case asserts="1" executed="True" name="NUnit.Framework.Constraints.EqualityComparerTests.IEquatableDifferentTypesSuccess_WhenActualImplementsIEquatable" result="Success" success="True" time="0.006"/>
                      <test-case asserts="1" executed="True" name="NUnit.Framework.Constraints.EqualityComparerTests.IEquatableDifferentTypesSuccess_WhenExpectedImplementsIEquatable" result="Success" success="True" time="0.000"/>
                      <test-case asserts="1" executed="True" name="NUnit.Framework.Constraints.EqualityComparerTests.IEquatableHasPrecedenceOverDefaultEquals" result="Success" success="True" time="0.001"/>
                      <test-case asserts="1" executed="True" name="NUnit.Framework.Constraints.EqualityComparerTests.IEquatableSuccess" result="Success" success="True" time="0.001"/>
                      <test-case asserts="1" executed="True" name="NUnit.Framework.Constraints.EqualityComparerTests.RecursionCheckDoesNotRelyOnValueEquality" result="Success" success="True" time="0.007"/>
                      <test-case asserts="1" executed="True" name="NUnit.Framework.Constraints.EqualityComparerTests.ReferenceEqualityHasPrecedenceOverIEquatable" result="Success" success="True" time="0.001"/>
                      <test-case asserts="1" executed="True" name="NUnit.Framework.Constraints.EqualityComparerTests.SelfContainingRecursiveEnumerablesAreNotEqual" result="Success" success="True" time="0.000"/>
                    </results>
                  </test-suite>
                  <test-suite asserts="0" executed="True" name="PropertyTest" result="Success" success="True" time="0.100" type="TestFixture">
                    <results>
                      <test-suite asserts="0" executed="True" name="InvalidDataThrowsException" result="Success" success="True" time="0.048" type="ParameterizedTest">
                        <results>
                          <test-case asserts="0" executed="True" name="NUnit.Framework.Constraints.PropertyTest.InvalidDataThrowsException(null)" result="Success" success="True" time="0.031"/>
                          <test-case asserts="0" executed="True" name="NUnit.Framework.Constraints.PropertyTest.InvalidDataThrowsException(42)" result="Success" success="True" time="0.001"/>
                          <test-case asserts="0" executed="True" name="NUnit.Framework.Constraints.PropertyTest.InvalidDataThrowsException(System.Collections.ArrayList)" result="Success" success="True" time="0.001"/>
                        </results>
                      </test-suite>
                      <test-suite asserts="0" executed="True" name="ProvidesProperFailureMessage" result="Success" success="True" time="0.028" type="ParameterizedTest">
                        <results>
                          <test-case asserts="1" executed="True" name="NUnit.Framework.Constraints.PropertyTest.ProvidesProperFailureMessage(System.Int32[],&quot;3&quot;)" result="Success" success="True" time="0.026"/>
                          <test-case asserts="1" executed="True" name="NUnit.Framework.Constraints.PropertyTest.ProvidesProperFailureMessage(&quot;goodbye&quot;,&quot;7&quot;)" result="Success" success="True" time="0.000"/>
                        </results>
                      </test-suite>
                      <test-suite asserts="0" executed="True" name="SucceedsWithGoodValues" result="Success" success="True" time="0.003" type="ParameterizedTest">
                        <results>
                          <test-case asserts="1" executed="True" name="NUnit.Framework.Constraints.PropertyTest.SucceedsWithGoodValues(System.Int32[])" result="Success" success="True" time="0.002"/>
                          <test-case asserts="1" executed="True" name="NUnit.Framework.Constraints.PropertyTest.SucceedsWithGoodValues(&quot;hello&quot;)" result="Success" success="True" time="0.000"/>
                        </results>
                      </test-suite>
                      <test-case asserts="1" executed="True" name="NUnit.Framework.Constraints.PropertyTest.ConstraintTestBaseNoData.ProvidesProperDescription" result="Success" success="True" time="0.003"/>
                      <test-case asserts="1" executed="True" name="NUnit.Framework.Constraints.PropertyTest.ConstraintTestBaseNoData.ProvidesProperStringRepresentation" result="Success" success="True" time="0.000"/>
                      <test-suite asserts="0" executed="True" name="FailsWithBadValues" result="Success" success="True" time="0.002" type="ParameterizedTest">
                        <results>
                          <test-case asserts="1" executed="True" name="NUnit.Framework.Constraints.PropertyTest.FailsWithBadValues(System.Int32[])" result="Success" success="True" time="0.001"/>
                          <test-case asserts="1" executed="True" name="NUnit.Framework.Constraints.PropertyTest.FailsWithBadValues(&quot;goodbye&quot;)" result="Success" success="True" time="0.000"/>
                        </results>
                      </test-suite><test-case asserts="2" executed="True" name="NUnit.Framework.Constraints.PropertyTest.PropertyEqualToValueWithTolerance" result="Success" success="True" time="0.002"/>
                    </results>
                  </test-suite>
                  <test-suite asserts="0" executed="True" name="ReusableConstraintTests" result="Success" success="True" time="0.022" type="TestFixture">
                    <results>
                      <test-case asserts="3" executed="True" name="NUnit.Framework.Constraints.ReusableConstraintTests.CanCreateReusableConstraintByImplicitConversion" result="Success" success="True" time="0.001"/>
                      <test-suite asserts="0" executed="True" name="CanReuseReusableConstraintMultipleTimes" result="Success" success="True" time="0.019" type="Theory">
                        <results>
                          <test-case asserts="3" executed="True" name="NUnit.Framework.Constraints.ReusableConstraintTests.CanReuseReusableConstraintMultipleTimes(&lt;not &lt;empty>>)" result="Success" success="True" time="0.003"/>
                          <test-case asserts="3" executed="True" name="NUnit.Framework.Constraints.ReusableConstraintTests.CanReuseReusableConstraintMultipleTimes(&lt;not &lt;null>>)" result="Success" success="True" time="0.000"/>
                          <test-case asserts="3" executed="True" name="NUnit.Framework.Constraints.ReusableConstraintTests.CanReuseReusableConstraintMultipleTimes(&lt;property Length &lt;greaterthan 3>>)" result="Success" success="True" time="0.005"/>
                          <test-case asserts="3" executed="True" name="NUnit.Framework.Constraints.ReusableConstraintTests.CanReuseReusableConstraintMultipleTimes(&lt;and &lt;property Length &lt;equal 4>> &lt;startswith &quot;te&quot;>>)" result="Success" success="True" time="0.002"/>
                        </results>
                      </test-suite>
                    </results>
                  </test-suite><test-suite asserts="0" executed="True" name="SameAsTest" result="Success" success="True" time="0.011" type="TestFixture">
                    <results>
                      <test-case asserts="1" executed="True" name="NUnit.Framework.Constraints.SameAsTest.ConstraintTestBaseNoData.ProvidesProperDescription" result="Success" success="True" time="0.001"/>
                      <test-case asserts="1" executed="True" name="NUnit.Framework.Constraints.SameAsTest.ConstraintTestBaseNoData.ProvidesProperStringRepresentation" result="Success" success="True" time="0.000"/>
                      <test-suite asserts="0" executed="True" name="FailsWithBadValues" result="Success" success="True" time="0.003" type="ParameterizedTest">
                        <results>
                          <test-case asserts="1" executed="True" name="NUnit.Framework.Constraints.SameAsTest.FailsWithBadValues(System.Object)" result="Success" success="True" time="0.001"/>
                          <test-case asserts="1" executed="True" name="NUnit.Framework.Constraints.SameAsTest.FailsWithBadValues(3)" result="Success" success="True" time="0.000"/>
                          <test-case asserts="1" executed="True" name="NUnit.Framework.Constraints.SameAsTest.FailsWithBadValues(&quot;Hello&quot;)" result="Success" success="True" time="0.000"/>
                        </results>
                      </test-suite>
                      <test-suite asserts="0" executed="True" name="ProvidesProperFailureMessage" result="Success" success="True" time="0.002" type="ParameterizedTest">
                        <results>
                          <test-case asserts="1" executed="True" name="NUnit.Framework.Constraints.SameAsTest.ProvidesProperFailureMessage(System.Object,&quot;&lt;System.Object>&quot;)" result="Success" success="True" time="0.000"/>
                          <test-case asserts="1" executed="True" name="NUnit.Framework.Constraints.SameAsTest.ProvidesProperFailureMessage(3,&quot;3&quot;)" result="Success" success="True" time="0.000"/>
                          <test-case asserts="1" executed="True" name="NUnit.Framework.Constraints.SameAsTest.ProvidesProperFailureMessage(&quot;Hello&quot;,&quot;\&quot;Hello\&quot;&quot;)" result="Success" success="True" time="0.001"/>
                        </results>
                      </test-suite>
                      <test-suite asserts="0" executed="True" name="SucceedsWithGoodValues" result="Success" success="True" time="0.000" type="ParameterizedTest">
                        <results>
                          <test-case asserts="1" executed="True" name="NUnit.Framework.Constraints.SameAsTest.SucceedsWithGoodValues(System.Object)" result="Success" success="True" time="0.000"/>
                        </results>
                      </test-suite>
                    </results>
                  </test-suite><test-suite asserts="0" executed="True" name="SamePathOrUnderTest_Linux" result="Success" success="True" time="0.025" type="TestFixture">
                    <results>
                      <test-case asserts="1" executed="True" name="NUnit.Framework.Constraints.SamePathOrUnderTest_Linux.ConstraintTestBaseNoData.ProvidesProperDescription" result="Success" success="True" time="0.001"/>
                      <test-case asserts="1" executed="True" name="NUnit.Framework.Constraints.SamePathOrUnderTest_Linux.ConstraintTestBaseNoData.ProvidesProperStringRepresentation" result="Success" success="True" time="0.001"/>
                      <test-suite asserts="0" executed="True" name="FailsWithBadValues" result="Success" success="True" time="0.009" type="ParameterizedTest">
                        <results>
                          <test-case asserts="1" executed="True" name="NUnit.Framework.Constraints.SamePathOrUnderTest_Linux.FailsWithBadValues(123)" result="Success" success="True" time="0.001"/>
                          <test-case asserts="1" executed="True" name="NUnit.Framework.Constraints.SamePathOrUnderTest_Linux.FailsWithBadValues(&quot;/Folder1/Folder2&quot;)" result="Success" success="True" time="0.004"/>
                          <test-case asserts="1" executed="True" name="NUnit.Framework.Constraints.SamePathOrUnderTest_Linux.FailsWithBadValues(&quot;/FOLDER1/./junk/../Folder2&quot;)" result="Success" success="True" time="0.000"/>
                          <test-case asserts="1" executed="True" name="NUnit.Framework.Constraints.SamePathOrUnderTest_Linux.FailsWithBadValues(&quot;/FOLDER1/./junk/../Folder2/temp/../Folder3&quot;)" result="Success" success="True" time="0.000"/>
                          <test-case asserts="1" executed="True" name="NUnit.Framework.Constraints.SamePathOrUnderTest_Linux.FailsWithBadValues(&quot;/folder1/folder3&quot;)" result="Success" success="True" time="0.000"/>
                          <test-case asserts="1" executed="True" name="NUnit.Framework.Constraints.SamePathOrUnderTest_Linux.FailsWithBadValues(&quot;/folder1/./folder2/../folder3&quot;)" result="Success" success="True" time="0.000"/>
                          <test-case asserts="1" executed="True" name="NUnit.Framework.Constraints.SamePathOrUnderTest_Linux.FailsWithBadValues(&quot;/folder1&quot;)" result="Success" success="True" time="0.000"/>
                        </results>
                      </test-suite>
                      <test-suite asserts="0" executed="True" name="ProvidesProperFailureMessage" result="Success" success="True" time="0.004" type="ParameterizedTest">
                        <results>
                          <test-case asserts="1" executed="True" name="NUnit.Framework.Constraints.SamePathOrUnderTest_Linux.ProvidesProperFailureMessage(123,&quot;123&quot;)" result="Success" success="True" time="0.000"/>
                          <test-case asserts="1" executed="True" name="NUnit.Framework.Constraints.SamePathOrUnderTest_Linux.ProvidesProperFailureMessage(&quot;/Folder1/Folder2&quot;,&quot;\&quot;/Folder1/Folder2\&quot;&quot;)" result="Success" success="True" time="0.000"/>
                          <test-case asserts="1" executed="True" name="NUnit.Framework.Constraints.SamePathOrUnderTest_Linux.ProvidesProperFailureMessage(&quot;/FOLDER1/./junk/../Folder2&quot;,&quot;\&quot;/FOLDER1/./junk/../Folder2\&quot;&quot;)" result="Success" success="True" time="0.000"/>
                          <test-case asserts="1" executed="True" name="NUnit.Framework.Constraints.SamePathOrUnderTest_Linux.ProvidesProperFailureMessage(&quot;/FOLDER1/./junk/../Folder2/temp/../Folder3&quot;,&quot;\&quot;/FOLDER1/./junk/../Folder2/temp/../Folder3\&quot;&quot;)" result="Success" success="True" time="0.000"/>
                          <test-case asserts="1" executed="True" name="NUnit.Framework.Constraints.SamePathOrUnderTest_Linux.ProvidesProperFailureMessage(&quot;/folder1/folder3&quot;,&quot;\&quot;/folder1/folder3\&quot;&quot;)" result="Success" success="True" time="0.000"/>
                          <test-case asserts="1" executed="True" name="NUnit.Framework.Constraints.SamePathOrUnderTest_Linux.ProvidesProperFailureMessage(&quot;/folder1/./folder2/../folder3&quot;,&quot;\&quot;/folder1/./folder2/../folder3\&quot;&quot;)" result="Success" success="True" time="0.000"/>
                          <test-case asserts="1" executed="True" name="NUnit.Framework.Constraints.SamePathOrUnderTest_Linux.ProvidesProperFailureMessage(&quot;/folder1&quot;,&quot;\&quot;/folder1\&quot;&quot;)" result="Success" success="True" time="0.000"/>
                        </results>
                      </test-suite>
                      <test-suite asserts="0" executed="True" name="SucceedsWithGoodValues" result="Success" success="True" time="0.005" type="ParameterizedTest">
                        <results>
                          <test-case asserts="1" executed="True" name="NUnit.Framework.Constraints.SamePathOrUnderTest_Linux.SucceedsWithGoodValues(&quot;/folder1/folder2&quot;)" result="Success" success="True" time="0.000"/>
                          <test-case asserts="1" executed="True" name="NUnit.Framework.Constraints.SamePathOrUnderTest_Linux.SucceedsWithGoodValues(&quot;/folder1/./folder2&quot;)" result="Success" success="True" time="0.000"/>
                          <test-case asserts="1" executed="True" name="NUnit.Framework.Constraints.SamePathOrUnderTest_Linux.SucceedsWithGoodValues(&quot;/folder1/junk/../folder2&quot;)" result="Success" success="True" time="0.000"/>
                          <test-case asserts="1" executed="True" name="NUnit.Framework.Constraints.SamePathOrUnderTest_Linux.SucceedsWithGoodValues(&quot;\\folder1\\folder2&quot;)" result="Success" success="True" time="0.000"/>
                          <test-case asserts="1" executed="True" name="NUnit.Framework.Constraints.SamePathOrUnderTest_Linux.SucceedsWithGoodValues(&quot;/folder1/folder2/folder3&quot;)" result="Success" success="True" time="0.000"/>
                          <test-case asserts="1" executed="True" name="NUnit.Framework.Constraints.SamePathOrUnderTest_Linux.SucceedsWithGoodValues(&quot;/folder1/./folder2/folder3&quot;)" result="Success" success="True" time="0.000"/>
                          <test-case asserts="1" executed="True" name="NUnit.Framework.Constraints.SamePathOrUnderTest_Linux.SucceedsWithGoodValues(&quot;/folder1/junk/../folder2/folder3&quot;)" result="Success" success="True" time="0.000"/>
                          <test-case asserts="1" executed="True" name="NUnit.Framework.Constraints.SamePathOrUnderTest_Linux.SucceedsWithGoodValues(&quot;\\folder1\\folder2\\folder3&quot;)" result="Success" success="True" time="0.000"/>
                        </results>
                      </test-suite>
                    </results>
                  </test-suite><test-suite asserts="0" executed="True" name="SamePathOrUnderTest_Windows" result="Success" success="True" time="0.019" type="TestFixture">
                    <results>
                      <test-case asserts="1" executed="True" name="NUnit.Framework.Constraints.SamePathOrUnderTest_Windows.ConstraintTestBaseNoData.ProvidesProperDescription" result="Success" success="True" time="0.001"/>
                      <test-case asserts="1" executed="True" name="NUnit.Framework.Constraints.SamePathOrUnderTest_Windows.ConstraintTestBaseNoData.ProvidesProperStringRepresentation" result="Success" success="True" time="0.000"/>
                      <test-suite asserts="0" executed="True" name="FailsWithBadValues" result="Success" success="True" time="0.002" type="ParameterizedTest">
                        <results>
                          <test-case asserts="1" executed="True" name="NUnit.Framework.Constraints.SamePathOrUnderTest_Windows.FailsWithBadValues(123)" result="Success" success="True" time="0.000"/>
                          <test-case asserts="1" executed="True" name="NUnit.Framework.Constraints.SamePathOrUnderTest_Windows.FailsWithBadValues(&quot;C:\\folder1\\folder3&quot;)" result="Success" success="True" time="0.000"/>
                          <test-case asserts="1" executed="True" name="NUnit.Framework.Constraints.SamePathOrUnderTest_Windows.FailsWithBadValues(&quot;C:\\folder1\\.\\folder2\\..\\file.temp&quot;)" result="Success" success="True" time="0.000"/>
                        </results>
                      </test-suite>
                      <test-suite asserts="0" executed="True" name="ProvidesProperFailureMessage" result="Success" success="True" time="0.002" type="ParameterizedTest">
                        <results>
                          <test-case asserts="1" executed="True" name="NUnit.Framework.Constraints.SamePathOrUnderTest_Windows.ProvidesProperFailureMessage(123,&quot;123&quot;)" result="Success" success="True" time="0.000"/>
                          <test-case asserts="1" executed="True" name="NUnit.Framework.Constraints.SamePathOrUnderTest_Windows.ProvidesProperFailureMessage(&quot;C:\\folder1\\folder3&quot;,&quot;\&quot;C:\\folder1\\folder3\&quot;&quot;)" result="Success" success="True" time="0.000"/>
                          <test-case asserts="1" executed="True" name="NUnit.Framework.Constraints.SamePathOrUnderTest_Windows.ProvidesProperFailureMessage(&quot;C:\\folder1\\.\\folder2\\..\\file.temp&quot;,&quot;\&quot;C:\\folder1\\.\\folder2\\..\\file.temp\&quot;&quot;)" result="Success" success="True" time="0.000"/>
                        </results>
                      </test-suite>
                      <test-suite asserts="0" executed="True" name="SucceedsWithGoodValues" result="Success" success="True" time="0.010" type="ParameterizedTest">
                        <results>
                          <test-case asserts="1" executed="True" name="NUnit.Framework.Constraints.SamePathOrUnderTest_Windows.SucceedsWithGoodValues(&quot;C:\\folder1\\folder2&quot;)" result="Success" success="True" time="0.000"/>
                          <test-case asserts="1" executed="True" name="NUnit.Framework.Constraints.SamePathOrUnderTest_Windows.SucceedsWithGoodValues(&quot;C:\\Folder1\\Folder2&quot;)" result="Success" success="True" time="0.000"/>
                          <test-case asserts="1" executed="True" name="NUnit.Framework.Constraints.SamePathOrUnderTest_Windows.SucceedsWithGoodValues(&quot;C:\\folder1\\.\\folder2&quot;)" result="Success" success="True" time="0.000"/>
                          <test-case asserts="1" executed="True" name="NUnit.Framework.Constraints.SamePathOrUnderTest_Windows.SucceedsWithGoodValues(&quot;C:\\folder1\\junk\\..\\folder2&quot;)" result="Success" success="True" time="0.000"/>
                          <test-case asserts="1" executed="True" name="NUnit.Framework.Constraints.SamePathOrUnderTest_Windows.SucceedsWithGoodValues(&quot;C:\\FOLDER1\\.\\junk\\..\\Folder2&quot;)" result="Success" success="True" time="0.000"/>
                          <test-case asserts="1" executed="True" name="NUnit.Framework.Constraints.SamePathOrUnderTest_Windows.SucceedsWithGoodValues(&quot;C:/folder1/folder2&quot;)" result="Success" success="True" time="0.000"/>
                          <test-case asserts="1" executed="True" name="NUnit.Framework.Constraints.SamePathOrUnderTest_Windows.SucceedsWithGoodValues(&quot;C:\\folder1\\folder2\\folder3&quot;)" result="Success" success="True" time="0.000"/>
                          <test-case asserts="1" executed="True" name="NUnit.Framework.Constraints.SamePathOrUnderTest_Windows.SucceedsWithGoodValues(&quot;C:\\folder1\\.\\folder2\\folder3&quot;)" result="Success" success="True" time="0.000"/>
                          <test-case asserts="1" executed="True" name="NUnit.Framework.Constraints.SamePathOrUnderTest_Windows.SucceedsWithGoodValues(&quot;C:\\folder1\\junk\\..\\folder2\\folder3&quot;)" result="Success" success="True" time="0.000"/>
                          <test-case asserts="1" executed="True" name="NUnit.Framework.Constraints.SamePathOrUnderTest_Windows.SucceedsWithGoodValues(&quot;C:\\FOLDER1\\.\\junk\\..\\Folder2\\temp\\..\\Folder3&quot;)" result="Success" success="True" time="0.000"/>
                          <test-case asserts="1" executed="True" name="NUnit.Framework.Constraints.SamePathOrUnderTest_Windows.SucceedsWithGoodValues(&quot;C:/folder1/folder2/folder3&quot;)" result="Success" success="True" time="0.000"/>
                        </results>
                      </test-suite>
                    </results>
                  </test-suite><test-suite asserts="0" executed="True" name="SamePathTest_Linux" result="Success" success="True" time="0.017" type="TestFixture">
                    <results>
                      <test-case asserts="1" executed="True" name="NUnit.Framework.Constraints.SamePathTest_Linux.ConstraintTestBaseNoData.ProvidesProperDescription" result="Success" success="True" time="0.001"/>
                      <test-case asserts="1" executed="True" name="NUnit.Framework.Constraints.SamePathTest_Linux.ConstraintTestBaseNoData.ProvidesProperStringRepresentation" result="Success" success="True" time="0.000"/>
                      <test-suite asserts="0" executed="True" name="FailsWithBadValues" result="Success" success="True" time="0.004" type="ParameterizedTest">
                        <results>
                          <test-case asserts="1" executed="True" name="NUnit.Framework.Constraints.SamePathTest_Linux.FailsWithBadValues(123)" result="Success" success="True" time="0.000"/>
                          <test-case asserts="1" executed="True" name="NUnit.Framework.Constraints.SamePathTest_Linux.FailsWithBadValues(&quot;/folder2/file.tmp&quot;)" result="Success" success="True" time="0.000"/>
                          <test-case asserts="1" executed="True" name="NUnit.Framework.Constraints.SamePathTest_Linux.FailsWithBadValues(&quot;folder1/file.tmp&quot;)" result="Success" success="True" time="0.000"/>
                          <test-case asserts="1" executed="True" name="NUnit.Framework.Constraints.SamePathTest_Linux.FailsWithBadValues(&quot;//folder1/file.tmp&quot;)" result="Success" success="True" time="0.000"/>
                          <test-case asserts="1" executed="True" name="NUnit.Framework.Constraints.SamePathTest_Linux.FailsWithBadValues(&quot;/folder1/./folder2/../file.temp&quot;)" result="Success" success="True" time="0.000"/>
                          <test-case asserts="1" executed="True" name="NUnit.Framework.Constraints.SamePathTest_Linux.FailsWithBadValues(&quot;/Folder1/File.TMP&quot;)" result="Success" success="True" time="0.000"/>
                          <test-case asserts="1" executed="True" name="NUnit.Framework.Constraints.SamePathTest_Linux.FailsWithBadValues(&quot;/FOLDER1/./folder2/../File.TMP&quot;)" result="Success" success="True" time="0.000"/>
                        </results>
                      </test-suite>
                      <test-suite asserts="0" executed="True" name="ProvidesProperFailureMessage" result="Success" success="True" time="0.004" type="ParameterizedTest">
                        <results>
                          <test-case asserts="1" executed="True" name="NUnit.Framework.Constraints.SamePathTest_Linux.ProvidesProperFailureMessage(123,&quot;123&quot;)" result="Success" success="True" time="0.000"/>
                          <test-case asserts="1" executed="True" name="NUnit.Framework.Constraints.SamePathTest_Linux.ProvidesProperFailureMessage(&quot;/folder2/file.tmp&quot;,&quot;\&quot;/folder2/file.tmp\&quot;&quot;)" result="Success" success="True" time="0.000"/>
                          <test-case asserts="1" executed="True" name="NUnit.Framework.Constraints.SamePathTest_Linux.ProvidesProperFailureMessage(&quot;folder1/file.tmp&quot;,&quot;\&quot;folder1/file.tmp\&quot;&quot;)" result="Success" success="True" time="0.000"/>
                          <test-case asserts="1" executed="True" name="NUnit.Framework.Constraints.SamePathTest_Linux.ProvidesProperFailureMessage(&quot;//folder1/file.tmp&quot;,&quot;\&quot;//folder1/file.tmp\&quot;&quot;)" result="Success" success="True" time="0.000"/>
                          <test-case asserts="1" executed="True" name="NUnit.Framework.Constraints.SamePathTest_Linux.ProvidesProperFailureMessage(&quot;/folder1/./folder2/../file.temp&quot;,&quot;\&quot;/folder1/./folder2/../file.temp\&quot;&quot;)" result="Success" success="True" time="0.000"/>
                          <test-case asserts="1" executed="True" name="NUnit.Framework.Constraints.SamePathTest_Linux.ProvidesProperFailureMessage(&quot;/Folder1/File.TMP&quot;,&quot;\&quot;/Folder1/File.TMP\&quot;&quot;)" result="Success" success="True" time="0.000"/>
                          <test-case asserts="1" executed="True" name="NUnit.Framework.Constraints.SamePathTest_Linux.ProvidesProperFailureMessage(&quot;/FOLDER1/./folder2/../File.TMP&quot;,&quot;\&quot;/FOLDER1/./folder2/../File.TMP\&quot;&quot;)" result="Success" success="True" time="0.000"/>
                        </results>
                      </test-suite>
                      <test-case asserts="1" executed="True" name="NUnit.Framework.Constraints.SamePathTest_Linux.RootPathEquality" result="Success" success="True" time="0.001"/>
                      <test-suite asserts="0" executed="True" name="SucceedsWithGoodValues" result="Success" success="True" time="0.003" type="ParameterizedTest">
                        <results>
                          <test-case asserts="1" executed="True" name="NUnit.Framework.Constraints.SamePathTest_Linux.SucceedsWithGoodValues(&quot;/folder1/file.tmp&quot;)" result="Success" success="True" time="0.000"/>
                          <test-case asserts="1" executed="True" name="NUnit.Framework.Constraints.SamePathTest_Linux.SucceedsWithGoodValues(&quot;/folder1/./file.tmp&quot;)" result="Success" success="True" time="0.000"/>
                          <test-case asserts="1" executed="True" name="NUnit.Framework.Constraints.SamePathTest_Linux.SucceedsWithGoodValues(&quot;/folder1/folder2/../file.tmp&quot;)" result="Success" success="True" time="0.000"/>
                          <test-case asserts="1" executed="True" name="NUnit.Framework.Constraints.SamePathTest_Linux.SucceedsWithGoodValues(&quot;/folder1/./folder2/../file.tmp&quot;)" result="Success" success="True" time="0.000"/>
                          <test-case asserts="1" executed="True" name="NUnit.Framework.Constraints.SamePathTest_Linux.SucceedsWithGoodValues(&quot;\\folder1\\file.tmp&quot;)" result="Success" success="True" time="0.000"/>
                        </results>
                      </test-suite>
                    </results>
                  </test-suite><test-suite asserts="0" executed="True" name="SamePathTest_Windows" result="Success" success="True" time="0.012" type="TestFixture">
                    <results>
                      <test-case asserts="1" executed="True" name="NUnit.Framework.Constraints.SamePathTest_Windows.ConstraintTestBaseNoData.ProvidesProperDescription" result="Success" success="True" time="0.000"/>
                      <test-case asserts="1" executed="True" name="NUnit.Framework.Constraints.SamePathTest_Windows.ConstraintTestBaseNoData.ProvidesProperStringRepresentation" result="Success" success="True" time="0.000"/>
                      <test-suite asserts="0" executed="True" name="FailsWithBadValues" result="Success" success="True" time="0.002" type="ParameterizedTest">
                        <results>
                          <test-case asserts="1" executed="True" name="NUnit.Framework.Constraints.SamePathTest_Windows.FailsWithBadValues(123)" result="Success" success="True" time="0.000"/>
                          <test-case asserts="1" executed="True" name="NUnit.Framework.Constraints.SamePathTest_Windows.FailsWithBadValues(&quot;C:\\folder2\\file.tmp&quot;)" result="Success" success="True" time="0.000"/>
                          <test-case asserts="1" executed="True" name="NUnit.Framework.Constraints.SamePathTest_Windows.FailsWithBadValues(&quot;C:\\folder1\\.\\folder2\\..\\file.temp&quot;)" result="Success" success="True" time="0.000"/>
                        </results>
                      </test-suite>
                      <test-suite asserts="0" executed="True" name="ProvidesProperFailureMessage" result="Success" success="True" time="0.002" type="ParameterizedTest">
                        <results>
                          <test-case asserts="1" executed="True" name="NUnit.Framework.Constraints.SamePathTest_Windows.ProvidesProperFailureMessage(123,&quot;123&quot;)" result="Success" success="True" time="0.000"/>
                          <test-case asserts="1" executed="True" name="NUnit.Framework.Constraints.SamePathTest_Windows.ProvidesProperFailureMessage(&quot;C:\\folder2\\file.tmp&quot;,&quot;\&quot;C:\\folder2\\file.tmp\&quot;&quot;)" result="Success" success="True" time="0.000"/>
                          <test-case asserts="1" executed="True" name="NUnit.Framework.Constraints.SamePathTest_Windows.ProvidesProperFailureMessage(&quot;C:\\folder1\\.\\folder2\\..\\file.temp&quot;,&quot;\&quot;C:\\folder1\\.\\folder2\\..\\file.temp\&quot;&quot;)" result="Success" success="True" time="0.000"/>
                        </results>
                      </test-suite>
                      <test-case asserts="1" executed="True" name="NUnit.Framework.Constraints.SamePathTest_Windows.RootPathEquality" result="Success" success="True" time="0.000"/>
                      <test-suite asserts="0" executed="True" name="SucceedsWithGoodValues" result="Success" success="True" time="0.004" type="ParameterizedTest">
                        <results>
                          <test-case asserts="1" executed="True" name="NUnit.Framework.Constraints.SamePathTest_Windows.SucceedsWithGoodValues(&quot;C:\\folder1\\file.tmp&quot;)" result="Success" success="True" time="0.000"/>
                          <test-case asserts="1" executed="True" name="NUnit.Framework.Constraints.SamePathTest_Windows.SucceedsWithGoodValues(&quot;C:\\Folder1\\File.TMP&quot;)" result="Success" success="True" time="0.000"/>
                          <test-case asserts="1" executed="True" name="NUnit.Framework.Constraints.SamePathTest_Windows.SucceedsWithGoodValues(&quot;C:\\folder1\\.\\file.tmp&quot;)" result="Success" success="True" time="0.000"/>
                          <test-case asserts="1" executed="True" name="NUnit.Framework.Constraints.SamePathTest_Windows.SucceedsWithGoodValues(&quot;C:\\folder1\\folder2\\..\\file.tmp&quot;)" result="Success" success="True" time="0.000"/>
                          <test-case asserts="1" executed="True" name="NUnit.Framework.Constraints.SamePathTest_Windows.SucceedsWithGoodValues(&quot;C:\\FOLDER1\\.\\folder2\\..\\File.TMP&quot;)" result="Success" success="True" time="0.000"/>
                          <test-case asserts="1" executed="True" name="NUnit.Framework.Constraints.SamePathTest_Windows.SucceedsWithGoodValues(&quot;C:/folder1/file.tmp&quot;)" result="Success" success="True" time="0.000"/>
                        </results>
                      </test-suite>
                    </results>
                  </test-suite><test-suite asserts="0" executed="True" name="SubPathTest_Linux" result="Success" success="True" time="0.024" type="TestFixture">
                    <results>
                      <test-case asserts="1" executed="True" name="NUnit.Framework.Constraints.SubPathTest_Linux.ConstraintTestBaseNoData.ProvidesProperDescription" result="Success" success="True" time="0.001"/>
                      <test-case asserts="1" executed="True" name="NUnit.Framework.Constraints.SubPathTest_Linux.ConstraintTestBaseNoData.ProvidesProperStringRepresentation" result="Success" success="True" time="0.000"/>
                      <test-suite asserts="0" executed="True" name="FailsWithBadValues" result="Success" success="True" time="0.007" type="ParameterizedTest">
                        <results>
                          <test-case asserts="1" executed="True" name="NUnit.Framework.Constraints.SubPathTest_Linux.FailsWithBadValues(123)" result="Success" success="True" time="0.000"/>
                          <test-case asserts="1" executed="True" name="NUnit.Framework.Constraints.SubPathTest_Linux.FailsWithBadValues(&quot;/Folder1/Folder2&quot;)" result="Success" success="True" time="0.000"/>
                          <test-case asserts="1" executed="True" name="NUnit.Framework.Constraints.SubPathTest_Linux.FailsWithBadValues(&quot;/FOLDER1/./junk/../Folder2&quot;)" result="Success" success="True" time="0.000"/>
                          <test-case asserts="1" executed="True" name="NUnit.Framework.Constraints.SubPathTest_Linux.FailsWithBadValues(&quot;/FOLDER1/./junk/../Folder2/temp/../Folder3&quot;)" result="Success" success="True" time="0.000"/>
                          <test-case asserts="1" executed="True" name="NUnit.Framework.Constraints.SubPathTest_Linux.FailsWithBadValues(&quot;/folder1/folder3&quot;)" result="Success" success="True" time="0.000"/>
                          <test-case asserts="1" executed="True" name="NUnit.Framework.Constraints.SubPathTest_Linux.FailsWithBadValues(&quot;/folder1/./folder2/../folder3&quot;)" result="Success" success="True" time="0.000"/>
                          <test-case asserts="1" executed="True" name="NUnit.Framework.Constraints.SubPathTest_Linux.FailsWithBadValues(&quot;/folder1&quot;)" result="Success" success="True" time="0.000"/>
                          <test-case asserts="1" executed="True" name="NUnit.Framework.Constraints.SubPathTest_Linux.FailsWithBadValues(&quot;/folder1/folder2&quot;)" result="Success" success="True" time="0.000"/>
                          <test-case asserts="1" executed="True" name="NUnit.Framework.Constraints.SubPathTest_Linux.FailsWithBadValues(&quot;/folder1/./folder2&quot;)" result="Success" success="True" time="0.000"/>
                          <test-case asserts="1" executed="True" name="NUnit.Framework.Constraints.SubPathTest_Linux.FailsWithBadValues(&quot;/folder1/junk/../folder2&quot;)" result="Success" success="True" time="0.000"/>
                          <test-case asserts="1" executed="True" name="NUnit.Framework.Constraints.SubPathTest_Linux.FailsWithBadValues(&quot;\\folder1\\folder2&quot;)" result="Success" success="True" time="0.000"/>
                        </results>
                      </test-suite>
                      <test-suite asserts="0" executed="True" name="ProvidesProperFailureMessage" result="Success" success="True" time="0.009" type="ParameterizedTest">
                        <results>
                          <test-case asserts="1" executed="True" name="NUnit.Framework.Constraints.SubPathTest_Linux.ProvidesProperFailureMessage(123,&quot;123&quot;)" result="Success" success="True" time="0.000"/>
                          <test-case asserts="1" executed="True" name="NUnit.Framework.Constraints.SubPathTest_Linux.ProvidesProperFailureMessage(&quot;/Folder1/Folder2&quot;,&quot;\&quot;/Folder1/Folder2\&quot;&quot;)" result="Success" success="True" time="0.000"/>
                          <test-case asserts="1" executed="True" name="NUnit.Framework.Constraints.SubPathTest_Linux.ProvidesProperFailureMessage(&quot;/FOLDER1/./junk/../Folder2&quot;,&quot;\&quot;/FOLDER1/./junk/../Folder2\&quot;&quot;)" result="Success" success="True" time="0.000"/>
                          <test-case asserts="1" executed="True" name="NUnit.Framework.Constraints.SubPathTest_Linux.ProvidesProperFailureMessage(&quot;/FOLDER1/./junk/../Folder2/temp/../Folder3&quot;,&quot;\&quot;/FOLDER1/./junk/../Folder2/temp/../Folder3\&quot;&quot;)" result="Success" success="True" time="0.002"/>
                          <test-case asserts="1" executed="True" name="NUnit.Framework.Constraints.SubPathTest_Linux.ProvidesProperFailureMessage(&quot;/folder1/folder3&quot;,&quot;\&quot;/folder1/folder3\&quot;&quot;)" result="Success" success="True" time="0.000"/>
                          <test-case asserts="1" executed="True" name="NUnit.Framework.Constraints.SubPathTest_Linux.ProvidesProperFailureMessage(&quot;/folder1/./folder2/../folder3&quot;,&quot;\&quot;/folder1/./folder2/../folder3\&quot;&quot;)" result="Success" success="True" time="0.000"/>
                          <test-case asserts="1" executed="True" name="NUnit.Framework.Constraints.SubPathTest_Linux.ProvidesProperFailureMessage(&quot;/folder1&quot;,&quot;\&quot;/folder1\&quot;&quot;)" result="Success" success="True" time="0.000"/>
                          <test-case asserts="1" executed="True" name="NUnit.Framework.Constraints.SubPathTest_Linux.ProvidesProperFailureMessage(&quot;/folder1/folder2&quot;,&quot;\&quot;/folder1/folder2\&quot;&quot;)" result="Success" success="True" time="0.000"/>
                          <test-case asserts="1" executed="True" name="NUnit.Framework.Constraints.SubPathTest_Linux.ProvidesProperFailureMessage(&quot;/folder1/./folder2&quot;,&quot;\&quot;/folder1/./folder2\&quot;&quot;)" result="Success" success="True" time="0.000"/>
                          <test-case asserts="1" executed="True" name="NUnit.Framework.Constraints.SubPathTest_Linux.ProvidesProperFailureMessage(&quot;/folder1/junk/../folder2&quot;,&quot;\&quot;/folder1/junk/../folder2\&quot;&quot;)" result="Success" success="True" time="0.000"/>
                          <test-case asserts="1" executed="True" name="NUnit.Framework.Constraints.SubPathTest_Linux.ProvidesProperFailureMessage(&quot;\\folder1\\folder2&quot;,&quot;\&quot;\\folder1\\folder2\&quot;&quot;)" result="Success" success="True" time="0.000"/>
                        </results>
                      </test-suite>
                      <test-case asserts="1" executed="True" name="NUnit.Framework.Constraints.SubPathTest_Linux.SubPathOfRoot" result="Success" success="True" time="0.001"/>
                      <test-suite asserts="0" executed="True" name="SucceedsWithGoodValues" result="Success" success="True" time="0.002" type="ParameterizedTest">
                        <results>
                          <test-case asserts="1" executed="True" name="NUnit.Framework.Constraints.SubPathTest_Linux.SucceedsWithGoodValues(&quot;/folder1/folder2/folder3&quot;)" result="Success" success="True" time="0.000"/>
                          <test-case asserts="1" executed="True" name="NUnit.Framework.Constraints.SubPathTest_Linux.SucceedsWithGoodValues(&quot;/folder1/./folder2/folder3&quot;)" result="Success" success="True" time="0.000"/>
                          <test-case asserts="1" executed="True" name="NUnit.Framework.Constraints.SubPathTest_Linux.SucceedsWithGoodValues(&quot;/folder1/junk/../folder2/folder3&quot;)" result="Success" success="True" time="0.000"/>
                          <test-case asserts="1" executed="True" name="NUnit.Framework.Constraints.SubPathTest_Linux.SucceedsWithGoodValues(&quot;\\folder1\\folder2\\folder3&quot;)" result="Success" success="True" time="0.000"/>
                        </results>
                      </test-suite>
                    </results>
                  </test-suite><test-suite asserts="0" executed="True" name="SubPathTest_Windows" result="Success" success="True" time="0.019" type="TestFixture">
                    <results>
                      <test-case asserts="1" executed="True" name="NUnit.Framework.Constraints.SubPathTest_Windows.ConstraintTestBaseNoData.ProvidesProperDescription" result="Success" success="True" time="0.001"/>
                      <test-case asserts="1" executed="True" name="NUnit.Framework.Constraints.SubPathTest_Windows.ConstraintTestBaseNoData.ProvidesProperStringRepresentation" result="Success" success="True" time="0.000"/>
                      <test-suite asserts="0" executed="True" name="FailsWithBadValues" result="Success" success="True" time="0.005" type="ParameterizedTest">
                        <results>
                          <test-case asserts="1" executed="True" name="NUnit.Framework.Constraints.SubPathTest_Windows.FailsWithBadValues(123)" result="Success" success="True" time="0.000"/>
                          <test-case asserts="1" executed="True" name="NUnit.Framework.Constraints.SubPathTest_Windows.FailsWithBadValues(&quot;C:\\folder1\\folder3&quot;)" result="Success" success="True" time="0.000"/>
                          <test-case asserts="1" executed="True" name="NUnit.Framework.Constraints.SubPathTest_Windows.FailsWithBadValues(&quot;C:\\folder1\\.\\folder2\\..\\file.temp&quot;)" result="Success" success="True" time="0.000"/>
                          <test-case asserts="1" executed="True" name="NUnit.Framework.Constraints.SubPathTest_Windows.FailsWithBadValues(&quot;C:\\folder1\\folder2&quot;)" result="Success" success="True" time="0.000"/>
                          <test-case asserts="1" executed="True" name="NUnit.Framework.Constraints.SubPathTest_Windows.FailsWithBadValues(&quot;C:\\Folder1\\Folder2&quot;)" result="Success" success="True" time="0.000"/>
                          <test-case asserts="1" executed="True" name="NUnit.Framework.Constraints.SubPathTest_Windows.FailsWithBadValues(&quot;C:\\folder1\\.\\folder2&quot;)" result="Success" success="True" time="0.000"/>
                          <test-case asserts="1" executed="True" name="NUnit.Framework.Constraints.SubPathTest_Windows.FailsWithBadValues(&quot;C:\\folder1\\junk\\..\\folder2&quot;)" result="Success" success="True" time="0.000"/>
                          <test-case asserts="1" executed="True" name="NUnit.Framework.Constraints.SubPathTest_Windows.FailsWithBadValues(&quot;C:\\FOLDER1\\.\\junk\\..\\Folder2&quot;)" result="Success" success="True" time="0.000"/>
                          <test-case asserts="1" executed="True" name="NUnit.Framework.Constraints.SubPathTest_Windows.FailsWithBadValues(&quot;C:/folder1/folder2&quot;)" result="Success" success="True" time="0.000"/>
                        </results>
                      </test-suite>
                      <test-suite asserts="0" executed="True" name="ProvidesProperFailureMessage" result="Success" success="True" time="0.005" type="ParameterizedTest">
                        <results>
                          <test-case asserts="1" executed="True" name="NUnit.Framework.Constraints.SubPathTest_Windows.ProvidesProperFailureMessage(123,&quot;123&quot;)" result="Success" success="True" time="0.000"/>
                          <test-case asserts="1" executed="True" name="NUnit.Framework.Constraints.SubPathTest_Windows.ProvidesProperFailureMessage(&quot;C:\\folder1\\folder3&quot;,&quot;\&quot;C:\\folder1\\folder3\&quot;&quot;)" result="Success" success="True" time="0.000"/>
                          <test-case asserts="1" executed="True" name="NUnit.Framework.Constraints.SubPathTest_Windows.ProvidesProperFailureMessage(&quot;C:\\folder1\\.\\folder2\\..\\file.temp&quot;,&quot;\&quot;C:\\folder1\\.\\folder2\\..\\file.temp\&quot;&quot;)" result="Success" success="True" time="0.000"/>
                          <test-case asserts="1" executed="True" name="NUnit.Framework.Constraints.SubPathTest_Windows.ProvidesProperFailureMessage(&quot;C:\\folder1\\folder2&quot;,&quot;\&quot;C:\\folder1\\folder2\&quot;&quot;)" result="Success" success="True" time="0.000"/>
                          <test-case asserts="1" executed="True" name="NUnit.Framework.Constraints.SubPathTest_Windows.ProvidesProperFailureMessage(&quot;C:\\Folder1\\Folder2&quot;,&quot;\&quot;C:\\Folder1\\Folder2\&quot;&quot;)" result="Success" success="True" time="0.000"/>
                          <test-case asserts="1" executed="True" name="NUnit.Framework.Constraints.SubPathTest_Windows.ProvidesProperFailureMessage(&quot;C:\\folder1\\.\\folder2&quot;,&quot;\&quot;C:\\folder1\\.\\folder2\&quot;&quot;)" result="Success" success="True" time="0.000"/>
                          <test-case asserts="1" executed="True" name="NUnit.Framework.Constraints.SubPathTest_Windows.ProvidesProperFailureMessage(&quot;C:\\folder1\\junk\\..\\folder2&quot;,&quot;\&quot;C:\\folder1\\junk\\..\\folder2\&quot;&quot;)" result="Success" success="True" time="0.000"/>
                          <test-case asserts="1" executed="True" name="NUnit.Framework.Constraints.SubPathTest_Windows.ProvidesProperFailureMessage(&quot;C:\\FOLDER1\\.\\junk\\..\\Folder2&quot;,&quot;\&quot;C:\\FOLDER1\\.\\junk\\..\\Folder2\&quot;&quot;)" result="Success" success="True" time="0.000"/>
                          <test-case asserts="1" executed="True" name="NUnit.Framework.Constraints.SubPathTest_Windows.ProvidesProperFailureMessage(&quot;C:/folder1/folder2&quot;,&quot;\&quot;C:/folder1/folder2\&quot;&quot;)" result="Success" success="True" time="0.000"/>
                        </results>
                      </test-suite>
                      <test-case asserts="1" executed="True" name="NUnit.Framework.Constraints.SubPathTest_Windows.SubPathOfRoot" result="Success" success="True" time="0.000"/>
                      <test-suite asserts="0" executed="True" name="SucceedsWithGoodValues" result="Success" success="True" time="0.003" type="ParameterizedTest">
                        <results>
                          <test-case asserts="1" executed="True" name="NUnit.Framework.Constraints.SubPathTest_Windows.SucceedsWithGoodValues(&quot;C:\\folder1\\folder2\\folder3&quot;)" result="Success" success="True" time="0.000"/>
                          <test-case asserts="1" executed="True" name="NUnit.Framework.Constraints.SubPathTest_Windows.SucceedsWithGoodValues(&quot;C:\\folder1\\.\\folder2\\folder3&quot;)" result="Success" success="True" time="0.000"/>
                          <test-case asserts="1" executed="True" name="NUnit.Framework.Constraints.SubPathTest_Windows.SucceedsWithGoodValues(&quot;C:\\folder1\\junk\\..\\folder2\\folder3&quot;)" result="Success" success="True" time="0.000"/>
                          <test-case asserts="1" executed="True" name="NUnit.Framework.Constraints.SubPathTest_Windows.SucceedsWithGoodValues(&quot;C:\\FOLDER1\\.\\junk\\..\\Folder2\\temp\\..\\Folder3&quot;)" result="Success" success="True" time="0.000"/>
                          <test-case asserts="1" executed="True" name="NUnit.Framework.Constraints.SubPathTest_Windows.SucceedsWithGoodValues(&quot;C:/folder1/folder2/folder3&quot;)" result="Success" success="True" time="0.000"/>
                        </results>
                      </test-suite>
                    </results>
                  </test-suite><test-suite asserts="0" executed="True" name="ThrowsConstraintTest_ExactType" result="Success" success="True" time="0.019" type="TestFixture">
                    <results>
                      <test-case asserts="1" executed="True" name="NUnit.Framework.Constraints.ThrowsConstraintTest_ExactType.ConstraintTestBaseNoData.ProvidesProperDescription" result="Success" success="True" time="0.002"/>
                      <test-case asserts="1" executed="True" name="NUnit.Framework.Constraints.ThrowsConstraintTest_ExactType.ConstraintTestBaseNoData.ProvidesProperStringRepresentation" result="Success" success="True" time="0.000"/>
                      <test-suite asserts="0" executed="True" name="FailsWithBadValues" result="Success" success="True" time="0.008" type="ParameterizedTest">
                        <results>
                          <test-case asserts="1" executed="True" name="NUnit.Framework.Constraints.ThrowsConstraintTest_ExactType.FailsWithBadValues(NUnit.Framework.TestDelegate)" result="Success" success="True" time="0.006"/>
                          <test-case asserts="1" executed="True" name="NUnit.Framework.Constraints.ThrowsConstraintTest_ExactType.FailsWithBadValues(NUnit.Framework.TestDelegate)" result="Success" success="True" time="0.000"/>
                          <test-case asserts="1" executed="True" name="NUnit.Framework.Constraints.ThrowsConstraintTest_ExactType.FailsWithBadValues(NUnit.Framework.TestDelegate)" result="Success" success="True" time="0.000"/>
                        </results>
                      </test-suite>
                      <test-suite asserts="0" executed="True" name="ProvidesProperFailureMessage" result="Success" success="True" time="0.003" type="ParameterizedTest">
                        <results>
                          <test-case asserts="1" executed="True" name="NUnit.Framework.Constraints.ThrowsConstraintTest_ExactType.ProvidesProperFailureMessage(NUnit.Framework.TestDelegate,&quot;&lt;System.ApplicationException>&quot;)" result="Success" success="True" time="0.001"/>
                          <test-case asserts="1" executed="True" name="NUnit.Framework.Constraints.ThrowsConstraintTest_ExactType.ProvidesProperFailureMessage(NUnit.Framework.TestDelegate,&quot;no exception thrown&quot;)" result="Success" success="True" time="0.000"/>
                          <test-case asserts="1" executed="True" name="NUnit.Framework.Constraints.ThrowsConstraintTest_ExactType.ProvidesProperFailureMessage(NUnit.Framework.TestDelegate,&quot;&lt;System.Exception>&quot;)" result="Success" success="True" time="0.000"/>
                        </results>
                      </test-suite>
                      <test-suite asserts="0" executed="True" name="SucceedsWithGoodValues" result="Success" success="True" time="0.002" type="ParameterizedTest">
                        <results>
                          <test-case asserts="1" executed="True" name="NUnit.Framework.Constraints.ThrowsConstraintTest_ExactType.SucceedsWithGoodValues(NUnit.Framework.TestDelegate)" result="Success" success="True" time="0.001"/>
                        </results>
                      </test-suite>
[...]
                    </results>
                  </test-suite>
                  <test-suite asserts="0" executed="True" name="TestFixtureAttributeTests" result="Success" success="True" time="0.009" type="TestFixture">
                    <results>
                      <test-case asserts="2" executed="True" name="NUnit.Framework.Tests.TestFixtureAttributeTests.ConstructWithCombinedArgs" result="Success" success="True" time="0.002">
                        <categories>
                          <category name="Generics"/>
                        </categories>
                      </test-case>
                      <test-case asserts="2" executed="True" name="NUnit.Framework.Tests.TestFixtureAttributeTests.ConstructWithFixtureArgs" result="Success" success="True" time="0.001"/>
                      <test-case asserts="2" executed="True" name="NUnit.Framework.Tests.TestFixtureAttributeTests.ConstructWithFixtureArgsAndSetTypeArgs" result="Success" success="True" time="0.001">
                        <categories>
                          <category name="Generics"/>
                        </categories>
                      </test-case>
                      <test-case asserts="2" executed="True" name="NUnit.Framework.Tests.TestFixtureAttributeTests.ConstructWithJustTypeArgs" result="Success" success="True" time="0.001">
                        <categories>
                          <category name="Generics"/>
                        </categories>
                      </test-case>
                      <test-case asserts="2" executed="True" name="NUnit.Framework.Tests.TestFixtureAttributeTests.ConstructWithNoArgumentsAndSetTypeArgs" result="Success" success="True" time="0.001">
                        <categories>
                          <category name="Generics"/>
                        </categories>
                      </test-case>
                      <test-case asserts="2" executed="True" name="NUnit.Framework.Tests.TestFixtureAttributeTests.ConstructWithoutArguments" result="Success" success="True" time="0.001"/>
                    </results>
                  </test-suite><test-suite asserts="0" executed="True" name="TextMessageWriterTests" result="Success" success="True" time="0.025" type="TestFixture">
                    <results>
                      <test-case asserts="1" executed="True" name="NUnit.Framework.Tests.TextMessageWriterTests.ConnectorIsWrittenWithSurroundingSpaces" result="Success" success="True" time="0.002"/>
                      <test-case asserts="1" executed="True" name="NUnit.Framework.Tests.TextMessageWriterTests.DateTimeTest" result="Success" success="True" time="0.001"/>
                      <test-case asserts="1" executed="True" name="NUnit.Framework.Tests.TextMessageWriterTests.DecimalIsWrittenToTwentyNineDigits" result="Success" success="True" time="0.001"/>
                      <test-case asserts="1" executed="True" name="NUnit.Framework.Tests.TextMessageWriterTests.DecimalIsWrittenWithTrailingM" result="Success" success="True" time="0.000"/>
                      <test-case asserts="1" executed="True" name="NUnit.Framework.Tests.TextMessageWriterTests.DisplayStringDifferences" result="Success" success="True" time="0.001"/>
                      <test-case asserts="1" executed="True" name="NUnit.Framework.Tests.TextMessageWriterTests.DisplayStringDifferences_NoClipping" result="Success" success="True" time="0.001"/>
                      <test-case asserts="1" executed="True" name="NUnit.Framework.Tests.TextMessageWriterTests.DoubleIsWrittenToSeventeenDigits" result="Success" success="True" time="0.007"/>
                      <test-case asserts="1" executed="True" name="NUnit.Framework.Tests.TextMessageWriterTests.DoubleIsWrittenWithTrailingD" result="Success" success="True" time="0.000"/>
                      <test-case asserts="2" executed="True" name="NUnit.Framework.Tests.TextMessageWriterTests.FloatIsWrittenToNineDigits" result="Success" success="True" time="0.002"/>
                      <test-case asserts="1" executed="True" name="NUnit.Framework.Tests.TextMessageWriterTests.FloatIsWrittenWithTrailingF" result="Success" success="True" time="0.000"/>
                      <test-case asserts="1" executed="True" name="NUnit.Framework.Tests.TextMessageWriterTests.IntegerIsWrittenAsIs" result="Success" success="True" time="0.000"/>
                      <test-case asserts="1" executed="True" name="NUnit.Framework.Tests.TextMessageWriterTests.PredicateIsWrittenWithTrailingSpace" result="Success" success="True" time="0.000"/>
                      <test-case asserts="1" executed="True" name="NUnit.Framework.Tests.TextMessageWriterTests.StringIsWrittenWithQuotes" result="Success" success="True" time="0.000"/>
                    </results>
                  </test-suite><test-suite asserts="0" executed="True" name="TypeAssertTests" result="Success" success="True" time="0.024" type="TestFixture">
                    <results>
                      <test-case asserts="1" executed="True" name="NUnit.Framework.Tests.TypeAssertTests.ExactType" result="Success" success="True" time="0.001"/>
                      <test-case asserts="2" executed="True" name="NUnit.Framework.Tests.TypeAssertTests.ExactTypeFails" result="Success" success="True" time="0.002"/>
                      <test-case asserts="3" executed="True" name="NUnit.Framework.Tests.TypeAssertTests.IsAssignableFrom" result="Success" success="True" time="0.003"/>
                      <test-case asserts="2" executed="True" name="NUnit.Framework.Tests.TypeAssertTests.IsAssignableFromFails" result="Success" success="True" time="0.002"/>
                      <test-case asserts="3" executed="True" name="NUnit.Framework.Tests.TypeAssertTests.IsInstanceOf" result="Success" success="True" time="0.002"/>
                      <test-case asserts="2" executed="True" name="NUnit.Framework.Tests.TypeAssertTests.IsInstanceOfFails" result="Success" success="True" time="0.002"/>
                      <test-case asserts="3" executed="True" name="NUnit.Framework.Tests.TypeAssertTests.IsNotAssignableFrom" result="Success" success="True" time="0.003"/>
                      <test-case asserts="2" executed="True" name="NUnit.Framework.Tests.TypeAssertTests.IsNotAssignableFromFails" result="Success" success="True" time="0.001"/>
                      <test-case asserts="3" executed="True" name="NUnit.Framework.Tests.TypeAssertTests.IsNotInstanceOf" result="Success" success="True" time="0.002"/>
                      <test-case asserts="2" executed="True" name="NUnit.Framework.Tests.TypeAssertTests.IsNotInstanceOfFails" result="Success" success="True" time="0.001"/>
                    </results>
                  </test-suite><test-suite asserts="0" executed="True" name="ValuesAttributeTests" result="Success" success="True" time="0.062" type="TestFixture">
                    <results>
                      <test-suite asserts="0" executed="True" name="CanConverDoubleToDecimal" result="Success" success="True" time="0.002" type="ParameterizedTest">
                        <results>
                          <test-case asserts="0" executed="True" name="NUnit.Framework.Tests.ValuesAttributeTests.CanConverDoubleToDecimal(12.5m)" result="Success" success="True" time="0.000"/>
                        </results>
                      </test-suite>
                      <test-suite asserts="0" executed="True" name="CanConvertDoubleRangeToDecimal" result="Success" success="True" time="0.003" type="ParameterizedTest">
                        <results>
                          <test-case asserts="0" executed="True" name="NUnit.Framework.Tests.ValuesAttributeTests.CanConvertDoubleRangeToDecimal(1m)" result="Success" success="True" time="0.000"/>
                          <test-case asserts="0" executed="True" name="NUnit.Framework.Tests.ValuesAttributeTests.CanConvertDoubleRangeToDecimal(1.1m)" result="Success" success="True" time="0.000"/>
                          <test-case asserts="0" executed="True" name="NUnit.Framework.Tests.ValuesAttributeTests.CanConvertDoubleRangeToDecimal(1.2m)" result="Success" success="True" time="0.000"/>
                          <test-case asserts="0" executed="True" name="NUnit.Framework.Tests.ValuesAttributeTests.CanConvertDoubleRangeToDecimal(1.3m)" result="Success" success="True" time="0.000"/>
                        </results>
                      </test-suite>
                      <test-suite asserts="0" executed="True" name="CanConvertIntRangeToByte" result="Success" success="True" time="0.002" type="ParameterizedTest">
                        <results>
                          <test-case asserts="0" executed="True" name="NUnit.Framework.Tests.ValuesAttributeTests.CanConvertIntRangeToByte(1)" result="Success" success="True" time="0.000"/>
                          <test-case asserts="0" executed="True" name="NUnit.Framework.Tests.ValuesAttributeTests.CanConvertIntRangeToByte(2)" result="Success" success="True" time="0.000"/>
                          <test-case asserts="0" executed="True" name="NUnit.Framework.Tests.ValuesAttributeTests.CanConvertIntRangeToByte(3)" result="Success" success="True" time="0.000"/>
                        </results>
                      </test-suite>
                      <test-suite asserts="0" executed="True" name="CanConvertIntRangeToDecimal" result="Success" success="True" time="0.002" type="ParameterizedTest">
                        <results>
                          <test-case asserts="0" executed="True" name="NUnit.Framework.Tests.ValuesAttributeTests.CanConvertIntRangeToDecimal(1m)" result="Success" success="True" time="0.000"/>
                          <test-case asserts="0" executed="True" name="NUnit.Framework.Tests.ValuesAttributeTests.CanConvertIntRangeToDecimal(2m)" result="Success" success="True" time="0.000"/>
                          <test-case asserts="0" executed="True" name="NUnit.Framework.Tests.ValuesAttributeTests.CanConvertIntRangeToDecimal(3m)" result="Success" success="True" time="0.000"/>
                        </results>
                      </test-suite>
                      <test-suite asserts="0" executed="True" name="CanConvertIntRangeToSByte" result="Success" success="True" time="0.002" type="ParameterizedTest">
                        <results>
                          <test-case asserts="0" executed="True" name="NUnit.Framework.Tests.ValuesAttributeTests.CanConvertIntRangeToSByte(1)" result="Success" success="True" time="0.000"/>
                          <test-case asserts="0" executed="True" name="NUnit.Framework.Tests.ValuesAttributeTests.CanConvertIntRangeToSByte(2)" result="Success" success="True" time="0.000"/>
                          <test-case asserts="0" executed="True" name="NUnit.Framework.Tests.ValuesAttributeTests.CanConvertIntRangeToSByte(3)" result="Success" success="True" time="0.000"/>
                        </results>
                      </test-suite>
                      <test-suite asserts="0" executed="True" name="CanConvertIntRangeToShort" result="Success" success="True" time="0.002" type="ParameterizedTest">
                        <results>
                          <test-case asserts="0" executed="True" name="NUnit.Framework.Tests.ValuesAttributeTests.CanConvertIntRangeToShort(1)" result="Success" success="True" time="0.000"/>
                          <test-case asserts="0" executed="True" name="NUnit.Framework.Tests.ValuesAttributeTests.CanConvertIntRangeToShort(2)" result="Success" success="True" time="0.000"/>
                          <test-case asserts="0" executed="True" name="NUnit.Framework.Tests.ValuesAttributeTests.CanConvertIntRangeToShort(3)" result="Success" success="True" time="0.000"/>
                        </results>
                      </test-suite>
                      <test-suite asserts="0" executed="True" name="CanConvertIntToDecimal" result="Success" success="True" time="0.001" type="ParameterizedTest">
                        <results>
                          <test-case asserts="0" executed="True" name="NUnit.Framework.Tests.ValuesAttributeTests.CanConvertIntToDecimal(12m)" result="Success" success="True" time="0.000"/>
                        </results>
                      </test-suite>
                      <test-suite asserts="0" executed="True" name="CanConvertRandomDoubleToDecimal" result="Success" success="True" time="0.002" type="ParameterizedTest">
                        <results>
                          <test-case asserts="0" executed="True" name="NUnit.Framework.Tests.ValuesAttributeTests.CanConvertRandomDoubleToDecimal(7.40957047669663m)" result="Success" success="True" time="0.000"/>
                          <test-case asserts="0" executed="True" name="NUnit.Framework.Tests.ValuesAttributeTests.CanConvertRandomDoubleToDecimal(9.43047261630673m)" result="Success" success="True" time="0.000"/>
                          <test-case asserts="0" executed="True" name="NUnit.Framework.Tests.ValuesAttributeTests.CanConvertRandomDoubleToDecimal(3.48693588491852m)" result="Success" success="True" time="0.000"/>
                        </results>
                      </test-suite>
                      <test-suite asserts="0" executed="True" name="CanConvertRandomIntToByte" result="Success" success="True" time="0.002" type="ParameterizedTest">
                        <results>
                          <test-case asserts="0" executed="True" name="NUnit.Framework.Tests.ValuesAttributeTests.CanConvertRandomIntToByte(2)" result="Success" success="True" time="0.000"/>
                          <test-case asserts="0" executed="True" name="NUnit.Framework.Tests.ValuesAttributeTests.CanConvertRandomIntToByte(5)" result="Success" success="True" time="0.000"/>
                          <test-case asserts="0" executed="True" name="NUnit.Framework.Tests.ValuesAttributeTests.CanConvertRandomIntToByte(6)" result="Success" success="True" time="0.000"/>
                        </results>
                      </test-suite>
                      <test-suite asserts="0" executed="True" name="CanConvertRandomIntToDecimal" result="Success" success="True" time="0.003" type="ParameterizedTest">
                        <results>
                          <test-case asserts="0" executed="True" name="NUnit.Framework.Tests.ValuesAttributeTests.CanConvertRandomIntToDecimal(9m)" result="Success" success="True" time="0.000"/>
                          <test-case asserts="0" executed="True" name="NUnit.Framework.Tests.ValuesAttributeTests.CanConvertRandomIntToDecimal(2m)" result="Success" success="True" time="0.000"/>
                          <test-case asserts="0" executed="True" name="NUnit.Framework.Tests.ValuesAttributeTests.CanConvertRandomIntToDecimal(6m)" result="Success" success="True" time="0.000"/>
                        </results>
                      </test-suite>
                      <test-suite asserts="0" executed="True" name="CanConvertRandomIntToSByte" result="Success" success="True" time="0.002" type="ParameterizedTest">
                        <results>
                          <test-case asserts="0" executed="True" name="NUnit.Framework.Tests.ValuesAttributeTests.CanConvertRandomIntToSByte(8)" result="Success" success="True" time="0.000"/>
                          <test-case asserts="0" executed="True" name="NUnit.Framework.Tests.ValuesAttributeTests.CanConvertRandomIntToSByte(1)" result="Success" success="True" time="0.000"/>
                          <test-case asserts="0" executed="True" name="NUnit.Framework.Tests.ValuesAttributeTests.CanConvertRandomIntToSByte(7)" result="Success" success="True" time="0.000"/>
                        </results>
                      </test-suite>
                      <test-suite asserts="0" executed="True" name="CanConvertRandomIntToShort" result="Success" success="True" time="0.002" type="ParameterizedTest">
                        <results>
                          <test-case asserts="0" executed="True" name="NUnit.Framework.Tests.ValuesAttributeTests.CanConvertRandomIntToShort(5)" result="Success" success="True" time="0.000"/>
                          <test-case asserts="0" executed="True" name="NUnit.Framework.Tests.ValuesAttributeTests.CanConvertRandomIntToShort(4)" result="Success" success="True" time="0.000"/>
                          <test-case asserts="0" executed="True" name="NUnit.Framework.Tests.ValuesAttributeTests.CanConvertRandomIntToShort(4)" result="Success" success="True" time="0.000"/>
                        </results>
                      </test-suite>
                      <test-suite asserts="0" executed="True" name="CanConvertSmallIntsToByte" result="Success" success="True" time="0.001" type="ParameterizedTest">
                        <results>
                          <test-case asserts="0" executed="True" name="NUnit.Framework.Tests.ValuesAttributeTests.CanConvertSmallIntsToByte(5)" result="Success" success="True" time="0.000"/>
                        </results>
                      </test-suite>
                      <test-suite asserts="0" executed="True" name="CanConvertSmallIntsToSByte" result="Success" success="True" time="0.001" type="ParameterizedTest">
                        <results>
                          <test-case asserts="0" executed="True" name="NUnit.Framework.Tests.ValuesAttributeTests.CanConvertSmallIntsToSByte(5)" result="Success" success="True" time="0.000"/>
                        </results>
                      </test-suite>
                      <test-suite asserts="0" executed="True" name="CanConvertSmallIntsToShort" result="Success" success="True" time="0.001" type="ParameterizedTest">
                        <results>
                          <test-case asserts="0" executed="True" name="NUnit.Framework.Tests.ValuesAttributeTests.CanConvertSmallIntsToShort(5)" result="Success" success="True" time="0.000"/>
                        </results>
                      </test-suite>
                      <test-suite asserts="0" executed="True" name="CanConvertStringToDecimal" result="Success" success="True" time="0.001" type="ParameterizedTest">
                        <results>
                          <test-case asserts="0" executed="True" name="NUnit.Framework.Tests.ValuesAttributeTests.CanConvertStringToDecimal(12.5m)" result="Success" success="True" time="0.000"/>
                        </results>
                      </test-suite>
                      <test-case asserts="1" executed="True" name="NUnit.Framework.Tests.ValuesAttributeTests.RangeAttributeWithDoubleRangeAndStep" result="Success" success="True" time="0.009"/>
                      <test-case asserts="1" executed="True" name="NUnit.Framework.Tests.ValuesAttributeTests.RangeAttributeWithFloatRangeAndStep" result="Success" success="True" time="0.004"/>
                      <test-case asserts="1" executed="True" name="NUnit.Framework.Tests.ValuesAttributeTests.RangeAttributeWithIntRange" result="Success" success="True" time="0.001"/>
                      <test-case asserts="1" executed="True" name="NUnit.Framework.Tests.ValuesAttributeTests.RangeAttributeWithIntRangeAndStep" result="Success" success="True" time="0.001"/>
                      <test-case asserts="1" executed="True" name="NUnit.Framework.Tests.ValuesAttributeTests.RangeAttributeWithLongRangeAndStep" result="Success" success="True" time="0.002"/>
                      <test-case asserts="1" executed="True" name="NUnit.Framework.Tests.ValuesAttributeTests.ValuesAttributeProvidesSpecifiedValues" result="Success" success="True" time="0.001"/>
                    </results>
                  </test-suite></results>
              </test-suite>
            </results>
          </test-suite>
        </results>
      </test-suite>
    </results>
  </test-suite>

</test-results>
